<?xml version="1.0" encoding="UTF-8"?>
<!-- Generated by org.testng.reporters.JUnitReportReporter -->
<testsuite hostname="DESKTOP-GM8B8N3" failures="0" tests="1" name="runners.TestRunner" time="26.567" errors="0" timestamp="24 Oct 2022 10:34:00 GMT" skipped="0">
  <testcase classname="runners.TestRunner" name="runScenario" time="26.567"/>
</testsuite> <!-- runners.TestRunner -->
