<?xml version="1.0" encoding="UTF-8"?>
<!-- Generated by org.testng.reporters.JUnitReportReporter -->
<testsuite hostname="DESKTOP-GM8B8N3" failures="0" tests="1" name="runners.TestRunner" time="14.256" errors="0" timestamp="03 Nov 2022 17:28:06 GMT" skipped="0">
  <testcase classname="runners.TestRunner" name="runScenario" time="14.256"/>
</testsuite> <!-- runners.TestRunner -->
