<?xml version="1.0" encoding="UTF-8"?>
<!-- Generated by org.testng.reporters.JUnitReportReporter -->
<testsuite hostname="DESKTOP-GM8B8N3" failures="0" tests="1" name="runners.TestRunner" time="105.783" errors="0" timestamp="30 Oct 2022 06:34:07 GMT" skipped="0">
  <testcase classname="runners.TestRunner" name="runScenario" time="105.783"/>
</testsuite> <!-- runners.TestRunner -->
